2018/10/26 21:30:35 Connecting RabbitMQ...
2018/10/26 21:30:35 Connected.
2018/10/26 21:30:35 Opening channel...
2018/10/26 21:30:35 Done.
2018/10/26 21:30:35 Setting QoS... 
2018/10/26 21:30:35 Succeeded setting QoS.
2018/10/26 21:30:35 Declaring queue "mail"...
2018/10/26 21:30:35 Declaring exchange "mail"...
2018/10/26 21:30:35 Binding queue "mail" to exchange "mail"...
2018/10/26 21:30:35 Registering consumer... 
2018/10/26 21:30:35 Succeeded registering consumer.
2018/10/26 21:30:35 Waiting for messages...
2018/10/26 21:30:36 Processing message...
2018/10/26 21:30:36 Processed!
2018/10/26 21:38:16 Connecting RabbitMQ...
2018/10/26 21:38:16 Connected.
2018/10/26 21:38:16 Opening channel...
2018/10/26 21:38:16 Done.
2018/10/26 21:38:16 Setting QoS... 
2018/10/26 21:38:16 Succeeded setting QoS.
2018/10/26 21:38:16 Declaring queue "mail"...
2018/10/26 21:38:16 Declaring exchange "mail"...
2018/10/26 21:38:16 Binding queue "mail" to exchange "mail"...
2018/10/26 21:38:16 Registering consumer... 
2018/10/26 21:38:16 Succeeded registering consumer.
2018/10/26 21:38:16 Waiting for messages...
2018/10/26 21:39:48 Connecting RabbitMQ...
2018/10/26 21:39:48 Connected.
2018/10/26 21:39:48 Opening channel...
2018/10/26 21:39:48 Done.
2018/10/26 21:39:48 Setting QoS... 
2018/10/26 21:39:48 Succeeded setting QoS.
2018/10/26 21:39:48 Declaring queue "mail"...
2018/10/26 21:39:48 Declaring exchange "mail"...
2018/10/26 21:39:49 Binding queue "mail" to exchange "mail"...
2018/10/26 21:39:49 Registering consumer... 
2018/10/26 21:39:49 Succeeded registering consumer.
2018/10/26 21:39:49 Waiting for messages...
2018/10/26 21:39:55 Processing message...
2018/10/26 21:39:55 Failed. Check error log for details.
2018/10/26 21:39:55 Processed!
2018/10/26 21:39:56 Processing message...
2018/10/26 21:39:56 Failed. Check error log for details.
2018/10/26 21:39:56 Processed!
2018/10/26 21:39:56 Processing message...
2018/10/26 21:39:56 Failed. Check error log for details.
2018/10/26 21:39:56 Processed!
2018/10/26 21:39:57 Processing message...
2018/10/26 21:39:57 Failed. Check error log for details.
2018/10/26 21:39:57 Processed!
2018/10/26 21:39:57 Processing message...
2018/10/26 21:39:57 Failed. Check error log for details.
2018/10/26 21:39:57 Processed!
2018/10/26 21:39:57 Processing message...
2018/10/26 21:39:57 Failed. Check error log for details.
2018/10/26 21:39:57 Processed!
2018/10/26 21:39:57 Processing message...
2018/10/26 21:39:57 Failed. Check error log for details.
2018/10/26 21:39:57 Processed!
2018/10/26 21:39:57 Processing message...
2018/10/26 21:39:57 Failed. Check error log for details.
2018/10/26 21:39:57 Processed!
2018/10/26 21:39:57 Processing message...
2018/10/26 21:39:57 Failed. Check error log for details.
2018/10/26 21:39:57 Processed!
2018/10/26 21:39:58 Processing message...
2018/10/26 21:39:58 Failed. Check error log for details.
2018/10/26 21:39:58 Processed!
